<?xml version="1.0" encoding="UTF-8"?>
<testng-results ignored="0" total="2" passed="2" failed="0" skipped="0">
  <reporter-output>
  </reporter-output>
  <suite started-at="2022-12-02T19:35:27 CST" name="Default suite" finished-at="2022-12-02T19:35:28 CST" duration-ms="128">
    <groups>
    </groups>
    <test started-at="2022-12-02T19:35:27 CST" name="Default test" finished-at="2022-12-02T19:35:28 CST" duration-ms="128">
      <class name="gitcode.gitcode.WordLength">
        <test-method signature="testCase1()[pri:0, instance:gitcode.gitcode.WordLength@6bedbc4d]" started-at="2022-12-02T19:35:27 CST" name="testCase1" finished-at="2022-12-02T19:35:28 CST" duration-ms="28" status="PASS">
          <reporter-output>
          </reporter-output>
        </test-method> <!-- testCase1 -->
        <test-method signature="testCase2()[pri:0, instance:gitcode.gitcode.WordLength@6bedbc4d]" started-at="2022-12-02T19:35:28 CST" name="testCase2" finished-at="2022-12-02T19:35:28 CST" duration-ms="6" status="PASS">
          <reporter-output>
          </reporter-output>
        </test-method> <!-- testCase2 -->
      </class> <!-- gitcode.gitcode.WordLength -->
    </test> <!-- Default test -->
  </suite> <!-- Default suite -->
</testng-results>
