<?xml version="1.0" encoding="UTF-8"?>
<testng-results skipped="0" failed="0" ignored="0" total="2" passed="2">
  <reporter-output>
  </reporter-output>
  <suite name="Default suite" duration-ms="40" started-at="2022-12-02T16:07:14 CST" finished-at="2022-12-02T16:07:14 CST">
    <groups>
    </groups>
    <test name="Default test" duration-ms="40" started-at="2022-12-02T16:07:14 CST" finished-at="2022-12-02T16:07:14 CST">
      <class name="gitcode.gitcode.WordLength">
        <test-method status="PASS" signature="testCase1()[pri:0, instance:gitcode.gitcode.WordLength@76a3e297]" name="testCase1" duration-ms="9" started-at="2022-12-02T16:07:14 CST" finished-at="2022-12-02T16:07:14 CST">
          <reporter-output>
          </reporter-output>
        </test-method> <!-- testCase1 -->
        <test-method status="PASS" signature="testCase2()[pri:0, instance:gitcode.gitcode.WordLength@76a3e297]" name="testCase2" duration-ms="1" started-at="2022-12-02T16:07:14 CST" finished-at="2022-12-02T16:07:14 CST">
          <reporter-output>
          </reporter-output>
        </test-method> <!-- testCase2 -->
      </class> <!-- gitcode.gitcode.WordLength -->
    </test> <!-- Default test -->
  </suite> <!-- Default suite -->
</testng-results>
